Populatia initiala
     1: 0100001011001100111010 x = -0.217182 f = 1.735649
     2: 1011110001010101000110 x = 1.207021 f = 1.750122
     3: 1110101000011001011000 x = 1.74335 f = 0.704081
     4: 1010010110101000110011 x = 0.941321 f = 2.055236
     5: 1100000001100110011100 x = 1.25469 f = 1.680443
     6: 1011100000001111010100 x = 1.156951 f = 1.818415
     7: 1111011110011001101101 x = 1.901568 f = 0.285607
     8: 1111011110100110100100 x = 1.902157 f = 0.283957
     9: 1111111000011010100110 x = 1.977781 f = 0.066165
     10: 1101110011110111011000 x = 1.58945 f = 1.0631
     11: 0101010100110011011000 x = -0.001554 f = 1.998443
     12: 1000100111011010100000 x = 0.615471 f = 2.236666
     13: 0010100110111111110100 x = -0.510751 f = 1.228383
     14: 1010011011000010110111 x = 0.954233 f = 2.043672
     15: 0001010100001111000010 x = -0.753218 f = 0.679444
     16: 0110111001100111001100 x = 0.293786 f = 2.207476
     17: 0101010110001010100001 x = 0.002435 f = 2.002429
     18: 0001011001110110101011 x = -0.736755 f = 0.720437
     19: 1000111000110100001101 x = 0.666453 f = 2.222294
     20: 0111001011101111011000 x = 0.346896 f = 2.226559

Probabilitati selectie
cromozom      1 probabilitate 0.059832277768907045
cromozom      2 probabilitate 0.06033117300813146
cromozom      3 probabilitate 0.024271490842517278
cromozom      4 probabilitate 0.07084923722473868
cromozom      5 probabilitate 0.05792918697214141
cromozom      6 probabilitate 0.06268541441892736
cromozom      7 probabilitate 0.00984561809849869
cromozom      8 probabilitate 0.009788723613189563
cromozom      9 probabilitate 0.0022808622355929707
cromozom      10 probabilitate 0.03664776892471584
cromozom      11 probabilitate 0.06889145997368792
cromozom      12 probabilitate 0.07710361870611634
cromozom      13 probabilitate 0.04234551204620732
cromozom      14 probabilitate 0.07045062361120671
cromozom      15 probabilitate 0.02342218709394162
cromozom      16 probabilitate 0.07609734906858152
cromozom      17 probabilitate 0.06902884933117506
cromozom      18 probabilitate 0.024835304975345664
cromozom      19 probabilitate 0.07660815001592858
cromozom      20 probabilitate 0.07675519207044894

Intervale probabilitati selectie
0 0.059832277768907045
0.12016345077703851 
0.14443494161955578 
0.21528417884429446 
0.27321336581643585 
0.33589878023536324 
0.34574439833386195 
0.3555331219470515 
0.3578139841826445 
0.3944617531073603 
0.46335321308104827 
0.5404568317871646 
0.5828023438333719 
0.6532529674445786 
0.6766751545385202 
0.7527725036071018 
0.8218013529382768 
0.8466366579136225 
0.9232448079295511 
1.0 
u = 0.5036538302569606 selectam cromozomul 12
u = 0.7217128279256103 selectam cromozomul 16
u = 0.7075792875361889 selectam cromozomul 16
u = 0.21442882998324286 selectam cromozomul 4
u = 0.07135804072067797 selectam cromozomul 2
u = 0.9110145229305979 selectam cromozomul 19
u = 0.4964992454642744 selectam cromozomul 12
u = 0.63241816000652 selectam cromozomul 14
u = 0.6580002273921673 selectam cromozomul 15
u = 0.6937469486213734 selectam cromozomul 16
u = 0.7149036619804753 selectam cromozomul 16
u = 0.42579283902873266 selectam cromozomul 11
u = 0.9307061269819418 selectam cromozomul 20
u = 0.3990125862760746 selectam cromozomul 11
u = 0.06762751069850215 selectam cromozomul 2
u = 0.6361715100937473 selectam cromozomul 14
u = 0.41636583250903925 selectam cromozomul 11
u = 0.047680540395500515 selectam cromozomul 2
u = 0.6185003610466413 selectam cromozomul 14
u = 0.33120214877604925 selectam cromozomul 6

Dupa selectie
1 1000100111011010100000 x = 2.236666 f = -0.7660101344695276
2 0110111001100111001100 x = 2.207476 f = -0.6654740637746559
3 0110111001100111001100 x = 2.207476 f = -0.6654740637746559
4 1010010110101000110011 x = 2.055236 f = -0.16875798467588776
5 1011110001010101000110 x = 1.750122 f = 0.68719604590522
6 1000111000110100001101 x = 2.222294 f = -0.716295048357547
7 1000100111011010100000 x = 2.236666 f = -0.7660101344695276
8 1010011011000010110111 x = 2.043672 f = -0.13292464580503038
9 0001010100001111000010 x = 0.679444 f = 2.2177997231440294
10 0110111001100111001100 x = 2.207476 f = -0.6654740637746559
11 0110111001100111001100 x = 2.207476 f = -0.6654740637746559
12 0101010100110011011000 x = 1.998443 f = 0.004667577141030499
13 0111001011101111011000 x = 2.226559 f = -0.7310060634530546
14 0101010100110011011000 x = 1.998443 f = 0.004667577141030499
15 1011110001010101000110 x = 1.750122 f = 0.68719604590522
16 1010011011000010110111 x = 2.043672 f = -0.13292464580503038
17 0101010100110011011000 x = 1.998443 f = 0.004667577141030499
18 1011110001010101000110 x = 1.750122 f = 0.68719604590522
19 1010011011000010110111 x = 2.043672 f = -0.13292464580503038
20 1011100000001111010100 x = 1.818415 f = 0.5117824868832825

Probabilitatea de incrucisare 0.25
1: 0100001011001100111010 u = 0.9902898423617136<0.25
2: 1011110001010101000110 u = 0.013756649822894818<0.25 participa
3: 1110101000011001011000 u = 0.27285739728018144<0.25
4: 1010010110101000110011 u = 0.8882673803922974<0.25
5: 1100000001100110011100 u = 0.2352598006510782<0.25 participa
6: 1011100000001111010100 u = 0.9540800346276368<0.25
7: 1111011110011001101101 u = 0.3981338753058449<0.25
8: 1111011110100110100100 u = 0.9600894896706428<0.25
9: 1111111000011010100110 u = 0.044102832810874903<0.25 participa
10: 1101110011110111011000 u = 0.2507158061044903<0.25
11: 0101010100110011011000 u = 0.47937788166167783<0.25
12: 1000100111011010100000 u = 0.3523263566412306<0.25
13: 0010100110111111110100 u = 0.2966510756372258<0.25
14: 1010011011000010110111 u = 0.07793751990344056<0.25 participa
15: 0001010100001111000010 u = 0.7815960323291687<0.25
16: 0110111001100111001100 u = 0.09080272203362705<0.25 participa
17: 0101010110001010100001 u = 0.3225037466549494<0.25
18: 0001011001110110101011 u = 0.3630224050422284<0.25
19: 1000111000110100001101 u = 0.07543198473456947<0.25 participa
20: 0111001011101111011000 u = 0.19377738448056536<0.25 participa

Recombinare dintre cromozomul 4 cu cromozomul 13
Rezultat 1100000001100110011100 1010011011000010110111
Recombinare dintre cromozomul 15 cu cromozomul 1
Rezultat 0110111001100111001100 1011110001010101000110
Recombinare dintre cromozomul 8 cu cromozomul 18
Rezultat 1111111000011010100110 1000111000110100001101

Dupa recombinare
     1: 0100001011001100111010 x = -0.217182 f = 1.735649
     2: 1011110001010101000110 x = 1.207021 f = 1.750122
     3: 1110101000011001011000 x = 1.74335 f = 0.704081
     4: 1010010110101000110011 x = 0.941321 f = 2.055236
     5: 1100000001100110011100 x = 1.25469 f = 1.680443
     6: 1011100000001111010100 x = 1.156951 f = 1.818415
     7: 1111011110011001101101 x = 1.901568 f = 0.285607
     8: 1111011110100110100100 x = 1.902157 f = 0.283957
     9: 1111111000011010100110 x = 1.977781 f = 0.066165
     10: 1101110011110111011000 x = 1.58945 f = 1.0631
     11: 0101010100110011011000 x = -0.001554 f = 1.998443
     12: 1000100111011010100000 x = 0.615471 f = 2.236666
     13: 0010100110111111110100 x = -0.510751 f = 1.228383
     14: 1010011011000010110111 x = 0.954233 f = 2.043672
     15: 0001010100001111000010 x = -0.753218 f = 0.679444
     16: 0110111001100111001100 x = 0.293786 f = 2.207476
     17: 0101010110001010100001 x = 0.002435 f = 2.002429
     18: 0001011001110110101011 x = -0.736755 f = 0.720437
     19: 1000111000110100001101 x = 0.666453 f = 2.222294
     20: 0111001011101111011000 x = 0.346896 f = 2.226559

Probabilitate de mutatie pentru fiecare gena 0.01
Au fost modificati cromozomii:
2.2432779684175594
2.2432779684175594
2.2432779684175594
2.2432779684175594
2.2432779684175594
2.2432779684175594
2.2432779684175594
2.1962628945630223
2.249766422862101
2.249766422862101
2.249766422862101
2.249766422862101
2.249766422862101
2.2499995924889804
2.249766422862101
2.249766422862101
2.2499999146296563
2.249766422862101
2.2496551879216473
